[    1566ms] [ERROR] Failed to load resource: the server responded with a status of 500 (Internal Server Error) @ http://localhost:3000/:0
[    1730ms] [INFO] %cDownload the React DevTools for a better development experience: https://reactjs.org/link/react-devtools font-weight:bold @ webpack-internal:///./node_modules/react-dom/cjs/react-dom.development.js:29889
[    1767ms] Error: Cannot find module './9276.js'
Require stack:
- /Users/hewaddorani/Desktop/Axis/.next/server/webpack-runtime.js
- /Users/hewaddorani/Desktop/Axis/.next/server/app/prove/[username]/page.js
- /Users/hewaddorani/Desktop/Axis/node_modules/next/dist/server/require.js
- /Users/hewaddorani/Desktop/Axis/node_modules/next/dist/server/load-components.js
- /Users/hewaddorani/Desktop/Axis/node_modules/next/dist/build/utils.js
- /Users/hewaddorani/Desktop/Axis/node_modules/next/dist/server/dev/hot-middleware.js
- /Users/hewaddorani/Desktop/Axis/node_modules/next/dist/server/dev/hot-reloader-webpack.js
- /Users/hewaddorani/Desktop/Axis/node_modules/next/dist/server/lib/router-utils/setup-dev-bundler.js
- /Users/hewaddorani/Desktop/Axis/node_modules/next/dist/server/lib/router-server.js
- /Users/hewaddorani/Desktop/Axis/node_modules/next/dist/server/lib/start-server.js
    at Module.<anonymous> (node:internal/modules/cjs/loader:1456:15)
    at <unknown> (file:///Users/hewaddorani/Desktop/Axis/node_modules/next/dist/server/require-hook.js:55:36)
    at defaultResolveImpl (node:internal/modules/cjs/loader:1066:19)
    at resolveForCJSWithHooks (node:internal/modules/cjs/loader:1071:22)
    at Module._load (node:internal/modules/cjs/loader:1242:25)
    at wrapModuleLoad (node:internal/modules/cjs/loader:255:19)
    at Module.<anonymous> (node:internal/modules/cjs/loader:1556:12)
    at mod.require (file:///Users/hewaddorani/Desktop/Axis/node_modules/next/dist/server/require-hook.js:65:28)
    at require (node:internal/modules/helpers:152:16)
    at __webpack_require__.f.require (file:///Users/hewaddorani/Desktop/Axis/.next/server/webpack-runtime.js:198:28)
    at <unknown> (file:///Users/hewaddorani/Desktop/Axis/.next/server/webpack-runtime.js:111:40)
    at Array.reduce (<anonymous>)
    at __webpack_require__.e (file:///Users/hewaddorani/Desktop/Axis/.next/server/webpack-runtime.js:110:67)
    at Array.map (<anonymous>)
    at __webpack_require__.X (file:///Users/hewaddorani/Desktop/Axis/.next/server/webpack-runtime.js:162:22)
    at <unknown> (file:///Users/hewaddorani/Desktop/Axis/.next/server/app/(marketing)/page.js:1:26154)
    at Object.<anonymous> (file:///Users/hewaddorani/Desktop/Axis/.next/server/app/(marketing)/page.js:1:26217)
    at Module._compile (node:internal/modules/cjs/loader:1812:14)
    at Object..js (node:internal/modules/cjs/loader:1943:10)
    at Module.load (node:internal/modules/cjs/loader:1533:32)
    at Module._load (node:internal/modules/cjs/loader:1335:12)
    at wrapModuleLoad (node:internal/modules/cjs/loader:255:19)
    at Module.<anonymous> (node:internal/modules/cjs/loader:1556:12)
    at mod.require (file:///Users/hewaddorani/Desktop/Axis/node_modules/next/dist/server/require-hook.js:65:28)
    at require (node:internal/modules/helpers:152:16)
    at requirePage (file:///Users/hewaddorani/Desktop/Axis/node_modules/next/dist/server/require.js:109:84)
    at <unknown> (file:///Users/hewaddorani/Desktop/Axis/node_modules/next/dist/server/load-components.js:103:84)
    at async loadComponentsImpl (file:///Users/hewaddorani/Desktop/Axis/node_modules/next/dist/server/load-components.js:103:26)
    at async DevServer.findPageComponentsImpl (file:///Users/hewaddorani/Desktop/Axis/node_modules/next/dist/server/next-server.js:714:36)
    at async DevServer.findPageComponents (file:///Users/hewaddorani/Desktop/Axis/node_modules/next/dist/server/dev/next-dev-server.js:577:20)
    at async DevServer.renderPageComponent (file:///Users/hewaddorani/Desktop/Axis/node_modules/next/dist/server/base-server.js:1910:24)
    at async DevServer.renderToResponseImpl (file:///Users/hewaddorani/Desktop/Axis/node_modules/next/dist/server/base-server.js:1962:32)
    at async DevServer.pipeImpl (file:///Users/hewaddorani/Desktop/Axis/node_modules/next/dist/server/base-server.js:922:25)
    at async NextNodeServer.handleCatchallRenderRequest (file:///Users/hewaddorani/Desktop/Axis/node_modules/next/dist/server/next-server.js:272:17)
    at async DevServer.handleRequestImpl (file:///Users/hewaddorani/Desktop/Axis/node_modules/next/dist/server/base-server.js:818:17)
    at async (file:///Users/hewaddorani/Desktop/Axis/node_modules/next/dist/server/dev/next-dev-server.js:339:20)
    at async Span.traceAsyncFn (file:///Users/hewaddorani/Desktop/Axis/node_modules/next/dist/trace/trace.js:154:20)
    at async DevServer.handleRequest (file:///Users/hewaddorani/Desktop/Axis/node_modules/next/dist/server/dev/next-dev-server.js:336:24)
    at async invokeRender (file:///Users/hewaddorani/Desktop/Axis/node_modules/next/dist/server/lib/router-server.js:179:21)
    at async handleRequest (file:///Users/hewaddorani/Desktop/Axis/node_modules/next/dist/server/lib/router-server.js:359:24)
    at async requestHandlerImpl (file:///Users/hewaddorani/Desktop/Axis/node_modules/next/dist/server/lib/router-server.js:383:13)
    at async Server.requestListener (file:///Users/hewaddorani/Desktop/Axis/node_modules/next/dist/server/lib/start-server.js:141:13)
[    1774ms] [LOG] [HMR] connected @ webpack-internal:///./node_modules/next/dist/client/components/react-dev-overlay/pages/websocket.js:38
[    1786ms] [ERROR] Failed to load resource: the server responded with a status of 404 (Not Found) @ http://localhost:3000/favicon.ico:0
[   15244ms] [ERROR] WebSocket connection to 'ws://localhost:3000/_next/webpack-hmr' failed: Error in connection establishment: net::ERR_CONNECTION_REFUSED @ webpack-internal:///./node_modules/next/dist/client/components/react-dev-overlay/pages/websocket.js:63
[   16248ms] [ERROR] WebSocket connection to 'ws://localhost:3000/_next/webpack-hmr' failed: Error in connection establishment: net::ERR_CONNECTION_REFUSED @ webpack-internal:///./node_modules/next/dist/client/components/react-dev-overlay/pages/websocket.js:63
[   17250ms] [ERROR] WebSocket connection to 'ws://localhost:3000/_next/webpack-hmr' failed: Error in connection establishment: net::ERR_CONNECTION_REFUSED @ webpack-internal:///./node_modules/next/dist/client/components/react-dev-overlay/pages/websocket.js:63
[   18252ms] [ERROR] WebSocket connection to 'ws://localhost:3000/_next/webpack-hmr' failed: Error in connection establishment: net::ERR_CONNECTION_REFUSED @ webpack-internal:///./node_modules/next/dist/client/components/react-dev-overlay/pages/websocket.js:63
[   19271ms] [ERROR] WebSocket connection to 'ws://localhost:3000/_next/webpack-hmr' failed: Error during WebSocket handshake: net::ERR_INVALID_HTTP_RESPONSE @ webpack-internal:///./node_modules/next/dist/client/components/react-dev-overlay/pages/websocket.js:63
[   24276ms] [ERROR] WebSocket connection to 'ws://localhost:3000/_next/webpack-hmr' failed: Error during WebSocket handshake: net::ERR_INVALID_HTTP_RESPONSE @ webpack-internal:///./node_modules/next/dist/client/components/react-dev-overlay/pages/websocket.js:63
[   29281ms] [ERROR] WebSocket connection to 'ws://localhost:3000/_next/webpack-hmr' failed: Error during WebSocket handshake: net::ERR_INVALID_HTTP_RESPONSE @ webpack-internal:///./node_modules/next/dist/client/components/react-dev-overlay/pages/websocket.js:63
[   34286ms] [ERROR] WebSocket connection to 'ws://localhost:3000/_next/webpack-hmr' failed: Error during WebSocket handshake: net::ERR_INVALID_HTTP_RESPONSE @ webpack-internal:///./node_modules/next/dist/client/components/react-dev-overlay/pages/websocket.js:63
[   39299ms] [ERROR] WebSocket connection to 'ws://localhost:3000/_next/webpack-hmr' failed: Error during WebSocket handshake: net::ERR_INVALID_HTTP_RESPONSE @ webpack-internal:///./node_modules/next/dist/client/components/react-dev-overlay/pages/websocket.js:63
[   44309ms] [ERROR] WebSocket connection to 'ws://localhost:3000/_next/webpack-hmr' failed: Error during WebSocket handshake: net::ERR_INVALID_HTTP_RESPONSE @ webpack-internal:///./node_modules/next/dist/client/components/react-dev-overlay/pages/websocket.js:63
[   49321ms] [ERROR] WebSocket connection to 'ws://localhost:3000/_next/webpack-hmr' failed: Error during WebSocket handshake: net::ERR_INVALID_HTTP_RESPONSE @ webpack-internal:///./node_modules/next/dist/client/components/react-dev-overlay/pages/websocket.js:63
[   54333ms] [ERROR] WebSocket connection to 'ws://localhost:3000/_next/webpack-hmr' failed: Error during WebSocket handshake: net::ERR_INVALID_HTTP_RESPONSE @ webpack-internal:///./node_modules/next/dist/client/components/react-dev-overlay/pages/websocket.js:63
[   59350ms] [ERROR] WebSocket connection to 'ws://localhost:3000/_next/webpack-hmr' failed: Error during WebSocket handshake: net::ERR_INVALID_HTTP_RESPONSE @ webpack-internal:///./node_modules/next/dist/client/components/react-dev-overlay/pages/websocket.js:63
[   64356ms] [ERROR] WebSocket connection to 'ws://localhost:3000/_next/webpack-hmr' failed: Error during WebSocket handshake: net::ERR_INVALID_HTTP_RESPONSE @ webpack-internal:///./node_modules/next/dist/client/components/react-dev-overlay/pages/websocket.js:63
[   69383ms] [ERROR] WebSocket connection to 'ws://localhost:3000/_next/webpack-hmr' failed: Error during WebSocket handshake: net::ERR_INVALID_HTTP_RESPONSE @ webpack-internal:///./node_modules/next/dist/client/components/react-dev-overlay/pages/websocket.js:63
[   74401ms] [ERROR] WebSocket connection to 'ws://localhost:3000/_next/webpack-hmr' failed: Error during WebSocket handshake: net::ERR_INVALID_HTTP_RESPONSE @ webpack-internal:///./node_modules/next/dist/client/components/react-dev-overlay/pages/websocket.js:63
[   79417ms] [ERROR] WebSocket connection to 'ws://localhost:3000/_next/webpack-hmr' failed: Error during WebSocket handshake: net::ERR_INVALID_HTTP_RESPONSE @ webpack-internal:///./node_modules/next/dist/client/components/react-dev-overlay/pages/websocket.js:63
[   84430ms] [ERROR] WebSocket connection to 'ws://localhost:3000/_next/webpack-hmr' failed: Error during WebSocket handshake: net::ERR_INVALID_HTTP_RESPONSE @ webpack-internal:///./node_modules/next/dist/client/components/react-dev-overlay/pages/websocket.js:63
[   89488ms] [ERROR] WebSocket connection to 'ws://localhost:3000/_next/webpack-hmr' failed: Error during WebSocket handshake: net::ERR_INVALID_HTTP_RESPONSE @ webpack-internal:///./node_modules/next/dist/client/components/react-dev-overlay/pages/websocket.js:63
[   94555ms] [ERROR] WebSocket connection to 'ws://localhost:3000/_next/webpack-hmr' failed: Error during WebSocket handshake: net::ERR_INVALID_HTTP_RESPONSE @ webpack-internal:///./node_modules/next/dist/client/components/react-dev-overlay/pages/websocket.js:63
[   99698ms] [ERROR] WebSocket connection to 'ws://localhost:3000/_next/webpack-hmr' failed: Error during WebSocket handshake: net::ERR_INVALID_HTTP_RESPONSE @ webpack-internal:///./node_modules/next/dist/client/components/react-dev-overlay/pages/websocket.js:63
[  104784ms] [ERROR] WebSocket connection to 'ws://localhost:3000/_next/webpack-hmr' failed: Error during WebSocket handshake: net::ERR_INVALID_HTTP_RESPONSE @ webpack-internal:///./node_modules/next/dist/client/components/react-dev-overlay/pages/websocket.js:63
[  110099ms] [ERROR] WebSocket connection to 'ws://localhost:3000/_next/webpack-hmr' failed: Error during WebSocket handshake: net::ERR_INVALID_HTTP_RESPONSE @ webpack-internal:///./node_modules/next/dist/client/components/react-dev-overlay/pages/websocket.js:63
[  115242ms] [ERROR] WebSocket connection to 'ws://localhost:3000/_next/webpack-hmr' failed: Error during WebSocket handshake: net::ERR_INVALID_HTTP_RESPONSE @ webpack-internal:///./node_modules/next/dist/client/components/react-dev-overlay/pages/websocket.js:63
[  120471ms] [ERROR] WebSocket connection to 'ws://localhost:3000/_next/webpack-hmr' failed: Error during WebSocket handshake: net::ERR_INVALID_HTTP_RESPONSE @ webpack-internal:///./node_modules/next/dist/client/components/react-dev-overlay/pages/websocket.js:63
[  120574ms] [ERROR] Failed to load resource: the server responded with a status of 500 (Internal Server Error) @ http://localhost:3000/:0
[  120689ms] [INFO] %cDownload the React DevTools for a better development experience: https://reactjs.org/link/react-devtools font-weight:bold @ webpack-internal:///./node_modules/react-dom/cjs/react-dom.development.js:29889
[  120702ms] 500 - Internal Server Error.
[  120705ms] [ERROR] Failed to load resource: the server responded with a status of 404 (Not Found) @ http://localhost:3000/_next/static/jU69D2mt2zXMZ5hRu4KVd/_devMiddlewareManifest.json:0
[  120706ms] [LOG] Failed to fetch _devMiddlewareManifest SyntaxError: Unexpected token '<', "<!DOCTYPE "... is not valid JSON @ webpack-internal:///./node_modules/next/dist/client/page-loader.js:53
[  121238ms] [ERROR] WebSocket connection to 'ws://localhost:3000/_next/webpack-hmr' failed: Error during WebSocket handshake: net::ERR_INVALID_HTTP_RESPONSE @ webpack-internal:///./node_modules/next/dist/client/components/react-dev-overlay/pages/websocket.js:63
[  123283ms] [ERROR] WebSocket connection to 'ws://localhost:3000/_next/webpack-hmr' failed: Error during WebSocket handshake: net::ERR_INVALID_HTTP_RESPONSE @ webpack-internal:///./node_modules/next/dist/client/components/react-dev-overlay/pages/websocket.js:63
[  125181ms] [ERROR] WebSocket connection to 'ws://localhost:3000/_next/webpack-hmr' failed: Error during WebSocket handshake: net::ERR_INVALID_HTTP_RESPONSE @ webpack-internal:///./node_modules/next/dist/client/components/react-dev-overlay/pages/websocket.js:63
[  127940ms] [ERROR] WebSocket connection to 'ws://localhost:3000/_next/webpack-hmr' failed: Error during WebSocket handshake: net::ERR_INVALID_HTTP_RESPONSE @ webpack-internal:///./node_modules/next/dist/client/components/react-dev-overlay/pages/websocket.js:63
[  131235ms] [ERROR] WebSocket connection to 'ws://localhost:3000/_next/webpack-hmr' failed: Error during WebSocket handshake: net::ERR_INVALID_HTTP_RESPONSE @ webpack-internal:///./node_modules/next/dist/client/components/react-dev-overlay/pages/websocket.js:63
[  135332ms] [ERROR] WebSocket connection to 'ws://localhost:3000/_next/webpack-hmr' failed: Error during WebSocket handshake: net::ERR_INVALID_HTTP_RESPONSE @ webpack-internal:///./node_modules/next/dist/client/components/react-dev-overlay/pages/websocket.js:63
[  143664ms] [ERROR] WebSocket connection to 'ws://localhost:3000/_next/webpack-hmr' failed: Error during WebSocket handshake: net::ERR_INVALID_HTTP_RESPONSE @ webpack-internal:///./node_modules/next/dist/client/components/react-dev-overlay/pages/websocket.js:63
[  149800ms] [ERROR] WebSocket connection to 'ws://localhost:3000/_next/webpack-hmr' failed: Error during WebSocket handshake: net::ERR_INVALID_HTTP_RESPONSE @ webpack-internal:///./node_modules/next/dist/client/components/react-dev-overlay/pages/websocket.js:63
[  157265ms] [ERROR] WebSocket connection to 'ws://localhost:3000/_next/webpack-hmr' failed: Error in connection establishment: net::ERR_CONNECTION_REFUSED @ webpack-internal:///./node_modules/next/dist/client/components/react-dev-overlay/pages/websocket.js:63
[  165716ms] [ERROR] WebSocket connection to 'ws://localhost:3000/_next/webpack-hmr' failed: Error in connection establishment: net::ERR_CONNECTION_REFUSED @ webpack-internal:///./node_modules/next/dist/client/components/react-dev-overlay/pages/websocket.js:63
[  173549ms] [ERROR] WebSocket connection to 'ws://localhost:3000/_next/webpack-hmr' failed: Error in connection establishment: net::ERR_CONNECTION_REFUSED @ webpack-internal:///./node_modules/next/dist/client/components/react-dev-overlay/pages/websocket.js:63
[  181665ms] [ERROR] WebSocket connection to 'ws://localhost:3000/_next/webpack-hmr' failed: Error in connection establishment: net::ERR_CONNECTION_REFUSED @ webpack-internal:///./node_modules/next/dist/client/components/react-dev-overlay/pages/websocket.js:63
[  189955ms] [ERROR] WebSocket connection to 'ws://localhost:3000/_next/webpack-hmr' failed: Error in connection establishment: net::ERR_CONNECTION_REFUSED @ webpack-internal:///./node_modules/next/dist/client/components/react-dev-overlay/pages/websocket.js:63
[  197011ms] [ERROR] WebSocket connection to 'ws://localhost:3000/_next/webpack-hmr' failed: Error in connection establishment: net::ERR_CONNECTION_REFUSED @ webpack-internal:///./node_modules/next/dist/client/components/react-dev-overlay/pages/websocket.js:63
[  204792ms] [ERROR] WebSocket connection to 'ws://localhost:3000/_next/webpack-hmr' failed: Error in connection establishment: net::ERR_CONNECTION_REFUSED @ webpack-internal:///./node_modules/next/dist/client/components/react-dev-overlay/pages/websocket.js:63
[  214305ms] [ERROR] WebSocket connection to 'ws://localhost:3000/_next/webpack-hmr' failed: Error in connection establishment: net::ERR_CONNECTION_REFUSED @ webpack-internal:///./node_modules/next/dist/client/components/react-dev-overlay/pages/websocket.js:63
[  221205ms] [ERROR] WebSocket connection to 'ws://localhost:3000/_next/webpack-hmr' failed: Error in connection establishment: net::ERR_CONNECTION_REFUSED @ webpack-internal:///./node_modules/next/dist/client/components/react-dev-overlay/pages/websocket.js:63
[  230389ms] [ERROR] WebSocket connection to 'ws://localhost:3000/_next/webpack-hmr' failed: Error in connection establishment: net::ERR_CONNECTION_REFUSED @ webpack-internal:///./node_modules/next/dist/client/components/react-dev-overlay/pages/websocket.js:63
[  239635ms] [ERROR] WebSocket connection to 'ws://localhost:3000/_next/webpack-hmr' failed: Error in connection establishment: net::ERR_CONNECTION_REFUSED @ webpack-internal:///./node_modules/next/dist/client/components/react-dev-overlay/pages/websocket.js:63
[  244638ms] [ERROR] WebSocket connection to 'ws://localhost:3000/_next/webpack-hmr' failed: Error in connection establishment: net::ERR_CONNECTION_REFUSED @ webpack-internal:///./node_modules/next/dist/client/components/react-dev-overlay/pages/websocket.js:63
[  249644ms] [ERROR] WebSocket connection to 'ws://localhost:3000/_next/webpack-hmr' failed: Error in connection establishment: net::ERR_CONNECTION_REFUSED @ webpack-internal:///./node_modules/next/dist/client/components/react-dev-overlay/pages/websocket.js:63
[  254647ms] [ERROR] WebSocket connection to 'ws://localhost:3000/_next/webpack-hmr' failed: Error in connection establishment: net::ERR_CONNECTION_REFUSED @ webpack-internal:///./node_modules/next/dist/client/components/react-dev-overlay/pages/websocket.js:63
[  259649ms] [ERROR] WebSocket connection to 'ws://localhost:3000/_next/webpack-hmr' failed: Error in connection establishment: net::ERR_CONNECTION_REFUSED @ webpack-internal:///./node_modules/next/dist/client/components/react-dev-overlay/pages/websocket.js:63
[  264652ms] [ERROR] WebSocket connection to 'ws://localhost:3000/_next/webpack-hmr' failed: Error in connection establishment: net::ERR_CONNECTION_REFUSED @ webpack-internal:///./node_modules/next/dist/client/components/react-dev-overlay/pages/websocket.js:63
[  269662ms] [ERROR] WebSocket connection to 'ws://localhost:3000/_next/webpack-hmr' failed: Error in connection establishment: net::ERR_CONNECTION_REFUSED @ webpack-internal:///./node_modules/next/dist/client/components/react-dev-overlay/pages/websocket.js:63
[  274676ms] [ERROR] WebSocket connection to 'ws://localhost:3000/_next/webpack-hmr' failed: Error in connection establishment: net::ERR_CONNECTION_REFUSED @ webpack-internal:///./node_modules/next/dist/client/components/react-dev-overlay/pages/websocket.js:63
