[     886ms] [ERROR] Failed to load resource: the server responded with a status of 500 (Internal Server Error) @ http://localhost:3000/prove/king:0
[    1078ms] [INFO] %cDownload the React DevTools for a better development experience: https://reactjs.org/link/react-devtools font-weight:bold @ webpack-internal:///(app-pages-browser)/./node_modules/next/dist/compiled/react-dom/cjs/react-dom.development.js:38559
[    1143ms] Error: supabaseKey is required.
    at new SupabaseClient (webpack-internal:///(rsc)/./node_modules/@supabase/supabase-js/dist/index.mjs:423:27)
    at createClient (webpack-internal:///(rsc)/./node_modules/@supabase/supabase-js/dist/index.mjs:642:9)
    at createAdminClient (webpack-internal:///(rsc)/./lib/supabase/admin.ts:12:79)
    at getProveItData (webpack-internal:///(rsc)/./app/prove/[username]/page.tsx:52:89)
    at Module.generateMetadata (webpack-internal:///(rsc)/./app/prove/[username]/page.tsx:19:24)
[    1145ms] Error: supabaseKey is required.
    at new SupabaseClient (webpack-internal:///(rsc)/./node_modules/@supabase/supabase-js/dist/index.mjs:423:27)
    at createClient (webpack-internal:///(rsc)/./node_modules/@supabase/supabase-js/dist/index.mjs:642:9)
    at createAdminClient (webpack-internal:///(rsc)/./lib/supabase/admin.ts:12:79)
    at getProveItData (webpack-internal:///(rsc)/./app/prove/[username]/page.tsx:52:89)
    at Module.generateMetadata (webpack-internal:///(rsc)/./app/prove/[username]/page.tsx:19:24)
[    1145ms] Error: supabaseKey is required.
    at new SupabaseClient (webpack-internal:///(rsc)/./node_modules/@supabase/supabase-js/dist/index.mjs:423:27)
    at createClient (webpack-internal:///(rsc)/./node_modules/@supabase/supabase-js/dist/index.mjs:642:9)
    at createAdminClient (webpack-internal:///(rsc)/./lib/supabase/admin.ts:12:79)
    at getProveItData (webpack-internal:///(rsc)/./app/prove/[username]/page.tsx:52:89)
    at Module.generateMetadata (webpack-internal:///(rsc)/./app/prove/[username]/page.tsx:19:24)
[    1145ms] Error: supabaseKey is required.
    at new SupabaseClient (webpack-internal:///(rsc)/./node_modules/@supabase/supabase-js/dist/index.mjs:423:27)
    at createClient (webpack-internal:///(rsc)/./node_modules/@supabase/supabase-js/dist/index.mjs:642:9)
    at createAdminClient (webpack-internal:///(rsc)/./lib/supabase/admin.ts:12:79)
    at getProveItData (webpack-internal:///(rsc)/./app/prove/[username]/page.tsx:52:89)
    at Module.generateMetadata (webpack-internal:///(rsc)/./app/prove/[username]/page.tsx:19:24)
[    1145ms] Error: supabaseKey is required.
    at new SupabaseClient (webpack-internal:///(rsc)/./node_modules/@supabase/supabase-js/dist/index.mjs:423:27)
    at createClient (webpack-internal:///(rsc)/./node_modules/@supabase/supabase-js/dist/index.mjs:642:9)
    at createAdminClient (webpack-internal:///(rsc)/./lib/supabase/admin.ts:12:79)
    at getProveItData (webpack-internal:///(rsc)/./app/prove/[username]/page.tsx:52:89)
    at Module.generateMetadata (webpack-internal:///(rsc)/./app/prove/[username]/page.tsx:19:24)
[    1145ms] Error: supabaseKey is required.
    at new SupabaseClient (webpack-internal:///(rsc)/./node_modules/@supabase/supabase-js/dist/index.mjs:423:27)
    at createClient (webpack-internal:///(rsc)/./node_modules/@supabase/supabase-js/dist/index.mjs:642:9)
    at createAdminClient (webpack-internal:///(rsc)/./lib/supabase/admin.ts:12:79)
    at getProveItData (webpack-internal:///(rsc)/./app/prove/[username]/page.tsx:52:89)
    at Module.generateMetadata (webpack-internal:///(rsc)/./app/prove/[username]/page.tsx:19:24)
[    1145ms] Error: supabaseKey is required.
    at new SupabaseClient (webpack-internal:///(rsc)/./node_modules/@supabase/supabase-js/dist/index.mjs:423:27)
    at createClient (webpack-internal:///(rsc)/./node_modules/@supabase/supabase-js/dist/index.mjs:642:9)
    at createAdminClient (webpack-internal:///(rsc)/./lib/supabase/admin.ts:12:79)
    at getProveItData (webpack-internal:///(rsc)/./app/prove/[username]/page.tsx:52:89)
    at Module.generateMetadata (webpack-internal:///(rsc)/./app/prove/[username]/page.tsx:19:24)
[    1148ms] Error: supabaseKey is required.
    at new SupabaseClient (webpack-internal:///(rsc)/./node_modules/@supabase/supabase-js/dist/index.mjs:423:27)
    at createClient (webpack-internal:///(rsc)/./node_modules/@supabase/supabase-js/dist/index.mjs:642:9)
    at createAdminClient (webpack-internal:///(rsc)/./lib/supabase/admin.ts:12:79)
    at getProveItData (webpack-internal:///(rsc)/./app/prove/[username]/page.tsx:52:89)
    at Module.generateMetadata (webpack-internal:///(rsc)/./app/prove/[username]/page.tsx:19:24)
[    1148ms] Error: supabaseKey is required.
    at new SupabaseClient (webpack-internal:///(rsc)/./node_modules/@supabase/supabase-js/dist/index.mjs:423:27)
    at createClient (webpack-internal:///(rsc)/./node_modules/@supabase/supabase-js/dist/index.mjs:642:9)
    at createAdminClient (webpack-internal:///(rsc)/./lib/supabase/admin.ts:12:79)
    at getProveItData (webpack-internal:///(rsc)/./app/prove/[username]/page.tsx:52:89)
    at Module.generateMetadata (webpack-internal:///(rsc)/./app/prove/[username]/page.tsx:19:24)
[    1148ms] Error: supabaseKey is required.
    at new SupabaseClient (webpack-internal:///(rsc)/./node_modules/@supabase/supabase-js/dist/index.mjs:423:27)
    at createClient (webpack-internal:///(rsc)/./node_modules/@supabase/supabase-js/dist/index.mjs:642:9)
    at createAdminClient (webpack-internal:///(rsc)/./lib/supabase/admin.ts:12:79)
    at getProveItData (webpack-internal:///(rsc)/./app/prove/[username]/page.tsx:52:89)
    at Module.generateMetadata (webpack-internal:///(rsc)/./app/prove/[username]/page.tsx:19:24)
[    1148ms] Error: supabaseKey is required.
    at new SupabaseClient (webpack-internal:///(rsc)/./node_modules/@supabase/supabase-js/dist/index.mjs:423:27)
    at createClient (webpack-internal:///(rsc)/./node_modules/@supabase/supabase-js/dist/index.mjs:642:9)
    at createAdminClient (webpack-internal:///(rsc)/./lib/supabase/admin.ts:12:79)
    at getProveItData (webpack-internal:///(rsc)/./app/prove/[username]/page.tsx:52:89)
    at Module.generateMetadata (webpack-internal:///(rsc)/./app/prove/[username]/page.tsx:19:24)
[    1148ms] Error: supabaseKey is required.
    at new SupabaseClient (webpack-internal:///(rsc)/./node_modules/@supabase/supabase-js/dist/index.mjs:423:27)
    at createClient (webpack-internal:///(rsc)/./node_modules/@supabase/supabase-js/dist/index.mjs:642:9)
    at createAdminClient (webpack-internal:///(rsc)/./lib/supabase/admin.ts:12:79)
    at getProveItData (webpack-internal:///(rsc)/./app/prove/[username]/page.tsx:52:89)
    at Module.generateMetadata (webpack-internal:///(rsc)/./app/prove/[username]/page.tsx:19:24)
[    1148ms] Error: supabaseKey is required.
    at new SupabaseClient (webpack-internal:///(rsc)/./node_modules/@supabase/supabase-js/dist/index.mjs:423:27)
    at createClient (webpack-internal:///(rsc)/./node_modules/@supabase/supabase-js/dist/index.mjs:642:9)
    at createAdminClient (webpack-internal:///(rsc)/./lib/supabase/admin.ts:12:79)
    at getProveItData (webpack-internal:///(rsc)/./app/prove/[username]/page.tsx:52:89)
    at Module.generateMetadata (webpack-internal:///(rsc)/./app/prove/[username]/page.tsx:19:24)
[    1148ms] Error: supabaseKey is required.
    at new SupabaseClient (webpack-internal:///(rsc)/./node_modules/@supabase/supabase-js/dist/index.mjs:423:27)
    at createClient (webpack-internal:///(rsc)/./node_modules/@supabase/supabase-js/dist/index.mjs:642:9)
    at createAdminClient (webpack-internal:///(rsc)/./lib/supabase/admin.ts:12:79)
    at getProveItData (webpack-internal:///(rsc)/./app/prove/[username]/page.tsx:52:89)
    at Module.generateMetadata (webpack-internal:///(rsc)/./app/prove/[username]/page.tsx:19:24)
[    1151ms] [ERROR] The above error occurred in the <NotFoundErrorBoundary> component:

    at InnerLayoutRouter (webpack-internal:///(app-pages-browser)/./node_modules/next/dist/client/components/layout-router.js:243:11)
    at RedirectErrorBoundary (webpack-internal:///(app-pages-browser)/./node_modules/next/dist/client/components/redirect-boundary.js:74:9)
    at RedirectBoundary (webpack-internal:///(app-pages-browser)/./node_modules/next/dist/client/components/redirect-boundary.js:82:11)
    at NotFoundBoundary (webpack-internal:///(app-pages-browser)/./node_modules/next/dist/client/components/not-found-boundary.js:84:11)
    at LoadingBoundary (webpack-internal:///(app-pages-browser)/./node_modules/next/dist/client/components/layout-router.js:349:11)
    at ErrorBoundary (webpack-internal:///(app-pages-browser)/./node_modules/next/dist/client/components/error-boundary.js:160:11)
    at InnerScrollAndFocusHandler (webpack-internal:///(app-pages-browser)/./node_modules/next/dist/client/components/layout-router.js:153:9)
    at ScrollAndFocusHandler (webpack-internal:///(app-pages-browser)/./node_modules/next/dist/client/components/layout-router.js:228:11)
    at RenderFromTemplateContext (webpack-internal:///(app-pages-browser)/./node_modules/next/dist/client/components/render-from-template-context.js:16:44)
    at OuterLayoutRouter (webpack-internal:///(app-pages-browser)/./node_modules/next/dist/client/components/layout-router.js:370:11)
    at InnerLayoutRouter (webpack-internal:///(app-pages-browser)/./node_modules/next/dist/client/components/layout-router.js:243:11)
    at RedirectErrorBoundary (webpack-internal:///(app-pages-browser)/./node_modules/next/dist/client/components/redirect-boundary.js:74:9)
    at RedirectBoundary (webpack-internal:///(app-pages-browser)/./node_modules/next/dist/client/components/redirect-boundary.js:82:11)
    at NotFoundBoundary (webpack-internal:///(app-pages-browser)/./node_modules/next/dist/client/components/not-found-boundary.js:84:11)
    at LoadingBoundary (webpack-internal:///(app-pages-browser)/./node_modules/next/dist/client/components/layout-router.js:349:11)
    at ErrorBoundary (webpack-internal:///(app-pages-browser)/./node_modules/next/dist/client/components/error-boundary.js:160:11)
    at InnerScrollAndFocusHandler (webpack-internal:///(app-pages-browser)/./node_modules/next/dist/client/components/layout-router.js:153:9)
    at ScrollAndFocusHandler (webpack-internal:///(app-pages-browser)/./node_modules/next/dist/client/components/layout-router.js:228:11)
    at RenderFromTemplateContext (webpack-internal:///(app-pages-browser)/./node_modules/next/dist/client/components/render-from-template-context.js:16:44)
    at OuterLayoutRouter (webpack-internal:///(app-pages-browser)/./node_modules/next/dist/client/components/layout-router.js:370:11)
    at InnerLayoutRouter (webpack-internal:///(app-pages-browser)/./node_modules/next/dist/client/components/layout-router.js:243:11)
    at RedirectErrorBoundary (webpack-internal:///(app-pages-browser)/./node_modules/next/dist/client/components/redirect-boundary.js:74:9)
    at RedirectBoundary (webpack-internal:///(app-pages-browser)/./node_modules/next/dist/client/components/redirect-boundary.js:82:11)
    at NotFoundErrorBoundary (webpack-internal:///(app-pages-browser)/./node_modules/next/dist/client/components/not-found-boundary.js:76:9)
    at NotFoundBoundary (webpack-internal:///(app-pages-browser)/./node_modules/next/dist/client/components/not-found-boundary.js:84:11)
    at LoadingBoundary (webpack-internal:///(app-pages-browser)/./node_modules/next/dist/client/components/layout-router.js:349:11)
    at ErrorBoundary (webpack-internal:///(app-pages-browser)/./node_modules/next/dist/client/components/error-boundary.js:160:11)
    at InnerScrollAndFocusHandler (webpack-internal:///(app-pages-browser)/./node_modules/next/dist/client/components/layout-router.js:153:9)
    at ScrollAndFocusHandler (webpack-internal:///(app-pages-browser)/./node_modules/next/dist/client/components/layout-router.js:228:11)
    at RenderFromTemplateContext (webpack-internal:///(app-pages-browser)/./node_modules/next/dist/client/components/render-from-template-context.js:16:44)
    at OuterLayoutRouter (webpack-internal:///(app-pages-browser)/./node_modules/next/dist/client/components/layout-router.js:370:11)
    at ThemeProvider (webpack-internal:///(app-pages-browser)/./components/theme-provider.tsx:18:11)
    at body
    at html
    at RootLayout (Server)
    at RedirectErrorBoundary (webpack-internal:///(app-pages-browser)/./node_modules/next/dist/client/components/redirect-boundary.js:74:9)
    at RedirectBoundary (webpack-internal:///(app-pages-browser)/./node_modules/next/dist/client/components/redirect-boundary.js:82:11)
    at NotFoundErrorBoundary (webpack-internal:///(app-pages-browser)/./node_modules/next/dist/client/components/not-found-boundary.js:76:9)
    at NotFoundBoundary (webpack-internal:///(app-pages-browser)/./node_modules/next/dist/client/components/not-found-boundary.js:84:11)
    at DevRootNotFoundBoundary (webpack-internal:///(app-pages-browser)/./node_modules/next/dist/client/components/dev-root-not-found-boundary.js:33:11)
    at ReactDevOverlay (webpack-internal:///(app-pages-browser)/./node_modules/next/dist/client/components/react-dev-overlay/app/ReactDevOverlay.js:87:9)
    at HotReload (webpack-internal:///(app-pages-browser)/./node_modules/next/dist/client/components/react-dev-overlay/app/hot-reloader-client.js:321:11)
    at Router (webpack-internal:///(app-pages-browser)/./node_modules/next/dist/client/components/app-router.js:207:11)
    at ErrorBoundaryHandler (webpack-internal:///(app-pages-browser)/./node_modules/next/dist/client/components/error-boundary.js:113:9)
    at ErrorBoundary (webpack-internal:///(app-pages-browser)/./node_modules/next/dist/client/components/error-boundary.js:160:11)
    at AppRouter (webpack-internal:///(app-pages-browser)/./node_modules/next/dist/client/components/app-router.js:585:13)
    at ServerRoot (webpack-internal:///(app-pages-browser)/./node_modules/next/dist/client/app-index.js:112:27)
    at Root (webpack-internal:///(app-pages-browser)/./node_modules/next/dist/client/app-index.js:117:11)
    at ReactDevOverlay (webpack-internal:///(app-pages-browser)/./node_modules/next/dist/client/components/react-dev-overlay/app/ReactDevOverlay.js:87:9)

React will try to recreate this component tree from scratch using the error boundary you provided, ReactDevOverlay. @ webpack-internal:///(app-pages-browser)/./node_modules/next/dist/client/app-index.js:32
[    1350ms] [ERROR] Failed to load resource: the server responded with a status of 404 (Not Found) @ http://localhost:3000/favicon.ico:0
[    4352ms] [WARNING] The resource http://localhost:3000/_next/static/css/app/layout.css?v=1776480884456 was preloaded using link preload but not used within a few seconds from the window's load event. Please make sure it has an appropriate `as` value and it is preloaded intentionally. @ http://localhost:3000/prove/king:0
